Tue, 14 Jan 2020 14:32:13 +0000 [WARNING] request="4fdf00ae2e540" component="TYPO3.CMS.Core.Type.File.ImageInfo": I could not retrieve the image size for file C:/wamp64/www/Agaciro/typo3temp/var/transient/preview_8710584042884672634.jpg 
Tue, 14 Jan 2020 14:32:14 +0000 [WARNING] request="a48730a74a184" component="TYPO3.CMS.Core.Type.File.ImageInfo": I could not retrieve the image size for file C:/wamp64/www/Agaciro/typo3temp/var/transient/preview_7455730323028867031.jpg 
Tue, 14 Jan 2020 15:24:05 +0000 [WARNING] request="1374ba47e9779" component="TYPO3.CMS.Core.Utility.ExtensionManagementUtility": TYPO3\CMS\Core\Category\CategoryRegistry: no category registered for table "pages". Key was already registered. 
Tue, 14 Jan 2020 15:24:05 +0000 [WARNING] request="1374ba47e9779" component="TYPO3.CMS.Core.Utility.ExtensionManagementUtility": TYPO3\CMS\Core\Category\CategoryRegistry: no category registered for table "sys_file_metadata". Key was already registered. 
Tue, 14 Jan 2020 15:24:05 +0000 [WARNING] request="1374ba47e9779" component="TYPO3.CMS.Core.Utility.ExtensionManagementUtility": TYPO3\CMS\Core\Category\CategoryRegistry: no category registered for table "tt_content". Key was already registered. 
Tue, 14 Jan 2020 15:28:05 +0000 [WARNING] request="8fe4471389cf7" component="TYPO3.CMS.Core.Utility.ExtensionManagementUtility": TYPO3\CMS\Core\Category\CategoryRegistry: no category registered for table "pages". Key was already registered. 
Tue, 14 Jan 2020 15:28:05 +0000 [WARNING] request="8fe4471389cf7" component="TYPO3.CMS.Core.Utility.ExtensionManagementUtility": TYPO3\CMS\Core\Category\CategoryRegistry: no category registered for table "sys_file_metadata". Key was already registered. 
Tue, 14 Jan 2020 15:28:05 +0000 [WARNING] request="8fe4471389cf7" component="TYPO3.CMS.Core.Utility.ExtensionManagementUtility": TYPO3\CMS\Core\Category\CategoryRegistry: no category registered for table "tt_content". Key was already registered. 
Wed, 15 Jan 2020 07:32:03 +0000 [WARNING] request="a9173c9be2c09" component="TYPO3.CMS.Core.Type.File.ImageInfo": I could not retrieve the image size for file C:/wamp64/www/Agaciro/typo3temp/var/transient/preview_132619676570202390.png 
Wed, 15 Jan 2020 07:32:05 +0000 [WARNING] request="fcfd993f4e7f1" component="TYPO3.CMS.Core.Type.File.ImageInfo": I could not retrieve the image size for file C:/wamp64/www/Agaciro/typo3temp/var/transient/preview_6205398700497087834.png 
Wed, 15 Jan 2020 07:38:54 +0000 [WARNING] request="1f168780a9e70" component="TYPO3.CMS.Core.Type.File.ImageInfo": I could not retrieve the image size for file C:/wamp64/www/Agaciro/typo3temp/var/transient/preview_7181805744302218211.png 
Wed, 15 Jan 2020 07:38:55 +0000 [WARNING] request="b9ed2bf10f0c9" component="TYPO3.CMS.Core.Type.File.ImageInfo": I could not retrieve the image size for file C:/wamp64/www/Agaciro/typo3temp/var/transient/preview_127728514871087055.png 
Wed, 15 Jan 2020 08:47:13 +0000 [WARNING] request="9a0aa8cb37288" component="TYPO3.CMS.Core.Utility.ExtensionManagementUtility": TYPO3\CMS\Core\Category\CategoryRegistry: no category registered for table "pages". Key was already registered. 
Wed, 15 Jan 2020 08:47:13 +0000 [WARNING] request="9a0aa8cb37288" component="TYPO3.CMS.Core.Utility.ExtensionManagementUtility": TYPO3\CMS\Core\Category\CategoryRegistry: no category registered for table "sys_file_metadata". Key was already registered. 
Wed, 15 Jan 2020 08:47:13 +0000 [WARNING] request="9a0aa8cb37288" component="TYPO3.CMS.Core.Utility.ExtensionManagementUtility": TYPO3\CMS\Core\Category\CategoryRegistry: no category registered for table "tt_content". Key was already registered. 
Wed, 15 Jan 2020 08:55:57 +0000 [ALERT] request="46ed5b2370f36" component="TYPO3.CMS.Frontend.ContentObject.Exception.ProductionExceptionHandler": Oops, an error occurred! Code: 202001150855566f321fb7 - {"exception":"TYPO3Fluid\\Fluid\\View\\Exception\\InvalidTemplateResourceException: Tried resolving a template file for controller action \"Standard->index\" in format \".html\", but none of the paths contained the expected template file (C:\/wamp64\/www\/Agaciro\/typo3conf\/ext\/site_config\/Resources\/Private\/Templates\/Pages\/1.html). No paths configured. in C:\\wamp64\\www\\Agaciro\\vendor\\typo3fluid\\fluid\\src\\View\\TemplatePaths.php:598\nStack trace:\n#0 C:\\wamp64\\www\\Agaciro\\vendor\\typo3fluid\\fluid\\src\\View\\AbstractTemplateView.php(391): TYPO3Fluid\\Fluid\\View\\TemplatePaths->getTemplateSource('Standard', 'index')\n#1 C:\\wamp64\\www\\Agaciro\\vendor\\typo3fluid\\fluid\\src\\Core\\Parser\\TemplateParser.php(209): TYPO3Fluid\\Fluid\\View\\AbstractTemplateView->TYPO3Fluid\\Fluid\\View\\{closure}(Object(TYPO3Fluid\\Fluid\\Core\\Parser\\TemplateParser), Object(TYPO3\\CMS\\Fluid\\View\\TemplatePaths))\n#2 C:\\wamp64\\www\\Agaciro\\vendor\\typo3fluid\\fluid\\src\\Core\\Parser\\TemplateParser.php(189): TYPO3Fluid\\Fluid\\Core\\Parser\\TemplateParser->parseTemplateSource('Standard_action...', Object(Closure))\n#3 C:\\wamp64\\www\\Agaciro\\vendor\\typo3fluid\\fluid\\src\\View\\AbstractTemplateView.php(392): TYPO3Fluid\\Fluid\\Core\\Parser\\TemplateParser->getOrParseAndStoreTemplate('Standard_action...', Object(Closure))\n#4 C:\\wamp64\\www\\Agaciro\\vendor\\typo3fluid\\fluid\\src\\View\\AbstractTemplateView.php(179): TYPO3Fluid\\Fluid\\View\\AbstractTemplateView->getCurrentParsedTemplate()\n#5 C:\\wamp64\\www\\Agaciro\\typo3\\sysext\\frontend\\Classes\\ContentObject\\FluidTemplateContentObject.php(340): TYPO3Fluid\\Fluid\\View\\AbstractTemplateView->render()\n#6 C:\\wamp64\\www\\Agaciro\\typo3\\sysext\\frontend\\Classes\\ContentObject\\FluidTemplateContentObject.php(106): TYPO3\\CMS\\Frontend\\ContentObject\\FluidTemplateContentObject->renderFluidView()\n#7 C:\\wamp64\\www\\Agaciro\\typo3\\sysext\\frontend\\Classes\\ContentObject\\ContentObjectRenderer.php(820): TYPO3\\CMS\\Frontend\\ContentObject\\FluidTemplateContentObject->render(Array)\n#8 C:\\wamp64\\www\\Agaciro\\typo3\\sysext\\frontend\\Classes\\ContentObject\\ContentObjectRenderer.php(736): TYPO3\\CMS\\Frontend\\ContentObject\\ContentObjectRenderer->render(Object(TYPO3\\CMS\\Frontend\\ContentObject\\FluidTemplateContentObject), Array)\n#9 C:\\wamp64\\www\\Agaciro\\typo3\\sysext\\frontend\\Classes\\ContentObject\\ContentObjectRenderer.php(682): TYPO3\\CMS\\Frontend\\ContentObject\\ContentObjectRenderer->cObjGetSingle('FLUIDTEMPLATE', Array, '10')\n#10 C:\\wamp64\\www\\Agaciro\\typo3\\sysext\\frontend\\Classes\\Page\\PageGenerator.php(195): TYPO3\\CMS\\Frontend\\ContentObject\\ContentObjectRenderer->cObjGet(Array)\n#11 C:\\wamp64\\www\\Agaciro\\typo3\\sysext\\frontend\\Classes\\Http\\RequestHandler.php(211): TYPO3\\CMS\\Frontend\\Page\\PageGenerator::renderContent()\n#12 C:\\wamp64\\www\\Agaciro\\typo3\\sysext\\core\\Classes\\Core\\Bootstrap.php(316): TYPO3\\CMS\\Frontend\\Http\\RequestHandler->handleRequest(Object(TYPO3\\CMS\\Core\\Http\\ServerRequest))\n#13 C:\\wamp64\\www\\Agaciro\\typo3\\sysext\\frontend\\Classes\\Http\\Application.php(79): TYPO3\\CMS\\Core\\Core\\Bootstrap->handleRequest(Object(TYPO3\\CMS\\Core\\Http\\ServerRequest))\n#14 C:\\wamp64\\www\\Agaciro\\typo3\\sysext\\frontend\\Resources\\Private\\Php\\frontend.php(23): TYPO3\\CMS\\Frontend\\Http\\Application->run()\n#15 C:\\wamp64\\www\\Agaciro\\typo3\\sysext\\frontend\\Resources\\Private\\Php\\frontend.php(24): {closure}()\n#16 C:\\wamp64\\www\\Agaciro\\index.php(3): require('C:\\\\wamp64\\\\www\\\\A...')\n#17 {main}"}
Wed, 15 Jan 2020 13:05:04 +0000 [WARNING] request="b66f68bcfb27a" component="TYPO3.CMS.Core.Utility.ExtensionManagementUtility": TYPO3\CMS\Core\Category\CategoryRegistry: no category registered for table "pages". Key was already registered. 
Wed, 15 Jan 2020 13:05:04 +0000 [WARNING] request="b66f68bcfb27a" component="TYPO3.CMS.Core.Utility.ExtensionManagementUtility": TYPO3\CMS\Core\Category\CategoryRegistry: no category registered for table "sys_file_metadata". Key was already registered. 
Wed, 15 Jan 2020 13:05:04 +0000 [WARNING] request="b66f68bcfb27a" component="TYPO3.CMS.Core.Utility.ExtensionManagementUtility": TYPO3\CMS\Core\Category\CategoryRegistry: no category registered for table "tt_content". Key was already registered. 
Wed, 15 Jan 2020 15:13:44 +0000 [WARNING] request="d345b5de897b2" component="TYPO3.CMS.Core.Utility.ExtensionManagementUtility": TYPO3\CMS\Core\Category\CategoryRegistry: no category registered for table "pages". Key was already registered. 
Wed, 15 Jan 2020 15:13:44 +0000 [WARNING] request="d345b5de897b2" component="TYPO3.CMS.Core.Utility.ExtensionManagementUtility": TYPO3\CMS\Core\Category\CategoryRegistry: no category registered for table "sys_file_metadata". Key was already registered. 
Wed, 15 Jan 2020 15:13:44 +0000 [WARNING] request="d345b5de897b2" component="TYPO3.CMS.Core.Utility.ExtensionManagementUtility": TYPO3\CMS\Core\Category\CategoryRegistry: no category registered for table "tt_content". Key was already registered. 
Thu, 16 Jan 2020 09:05:07 +0000 [WARNING] request="07a5f0be8b6a0" component="TYPO3.CMS.Core.Type.File.ImageInfo": I could not retrieve the image size for file C:/wamp64/www/Agaciro/typo3temp/var/transient/preview_4026247218029287881.png 
Mon, 20 Jan 2020 11:07:01 +0000 [WARNING] request="95d0962fc3ccb" component="TYPO3.CMS.Core.Type.File.ImageInfo": I could not retrieve the image size for file C:/wamp64/www/Agaciro/typo3temp/var/transient/preview_8525689770639208771.jpg 
Mon, 20 Jan 2020 11:07:01 +0000 [WARNING] request="64d3e83eede27" component="TYPO3.CMS.Core.Type.File.ImageInfo": I could not retrieve the image size for file C:/wamp64/www/Agaciro/typo3temp/var/transient/preview_2278746973655326967.jpg 
Mon, 20 Jan 2020 11:07:39 +0000 [WARNING] request="8d9777e27a751" component="TYPO3.CMS.Core.Type.File.ImageInfo": I could not retrieve the image size for file C:/wamp64/www/Agaciro/typo3temp/var/transient/preview_3462610812927418999.jpg 
Mon, 20 Jan 2020 11:07:39 +0000 [WARNING] request="a7ef27381e6be" component="TYPO3.CMS.Core.Type.File.ImageInfo": I could not retrieve the image size for file C:/wamp64/www/Agaciro/typo3temp/var/transient/preview_5446493930105915712.jpg 
Mon, 20 Jan 2020 13:54:30 +0000 [WARNING] request="ebdd446961b7f" component="TYPO3.CMS.Core.Type.File.ImageInfo": I could not retrieve the image size for file C:/wamp64/www/LMIS/typo3temp/var/transient/preview_7847400586441971771.png 
Mon, 20 Jan 2020 13:56:02 +0000 [WARNING] request="d495ece185b4a" component="TYPO3.CMS.Core.Type.File.ImageInfo": I could not retrieve the image size for file C:/wamp64/www/LMIS/typo3temp/var/transient/preview_5750298734263405628.png 
Mon, 20 Jan 2020 16:53:30 +0000 [WARNING] request="23e5c71531081" component="TYPO3.CMS.Core.Type.File.ImageInfo": I could not retrieve the image size for file C:/wamp64/www/LMIS/typo3temp/var/transient/preview_8860236737516074723.png 
Mon, 20 Jan 2020 16:53:40 +0000 [WARNING] request="0d9af651f98b2" component="TYPO3.CMS.Core.Type.File.ImageInfo": I could not retrieve the image size for file C:/wamp64/www/LMIS/typo3temp/var/transient/preview_6843870103857077016.png 
Fri, 24 Jan 2020 09:10:57 +0000 [WARNING] request="f3377139bad68" component="TYPO3.CMS.Core.Type.File.ImageInfo": I could not retrieve the image size for file C:/wamp64/www/LMIS/typo3temp/var/transient/preview_51516950273626179.png 
Fri, 24 Jan 2020 09:10:58 +0000 [WARNING] request="8a0a94d1e331f" component="TYPO3.CMS.Core.Type.File.ImageInfo": I could not retrieve the image size for file C:/wamp64/www/LMIS/typo3temp/var/transient/preview_7844685034910611843.png 
Fri, 24 Jan 2020 09:12:15 +0000 [WARNING] request="a431ff3ecba72" component="TYPO3.CMS.Core.Type.File.ImageInfo": I could not retrieve the image size for file C:/wamp64/www/LMIS/typo3temp/var/transient/preview_6739813693281948839.png 
Fri, 24 Jan 2020 09:12:43 +0000 [WARNING] request="0c05bda57d0a5" component="TYPO3.CMS.Core.Type.File.ImageInfo": I could not retrieve the image size for file C:/wamp64/www/LMIS/typo3temp/var/transient/preview_8991570156652691636.png 
Fri, 24 Jan 2020 09:12:44 +0000 [WARNING] request="3ae64d5072cb5" component="TYPO3.CMS.Core.Type.File.ImageInfo": I could not retrieve the image size for file C:/wamp64/www/LMIS/typo3temp/var/transient/preview_243211505395555502.png 
Tue, 04 Feb 2020 07:30:55 +0000 [WARNING] request="9a12ee77420e2" component="TYPO3.CMS.Core.Utility.ExtensionManagementUtility": TYPO3\CMS\Core\Category\CategoryRegistry: no category registered for table "pages". Key was already registered. 
Tue, 04 Feb 2020 07:30:55 +0000 [WARNING] request="9a12ee77420e2" component="TYPO3.CMS.Core.Utility.ExtensionManagementUtility": TYPO3\CMS\Core\Category\CategoryRegistry: no category registered for table "sys_file_metadata". Key was already registered. 
Tue, 04 Feb 2020 07:30:55 +0000 [WARNING] request="9a12ee77420e2" component="TYPO3.CMS.Core.Utility.ExtensionManagementUtility": TYPO3\CMS\Core\Category\CategoryRegistry: no category registered for table "tt_content". Key was already registered. 
Wed, 05 Feb 2020 09:16:56 +0000 [WARNING] request="6ffb28a10f629" component="TYPO3.CMS.Core.Utility.ExtensionManagementUtility": TYPO3\CMS\Core\Category\CategoryRegistry: no category registered for table "pages". Key was already registered. 
Wed, 05 Feb 2020 09:16:56 +0000 [WARNING] request="6ffb28a10f629" component="TYPO3.CMS.Core.Utility.ExtensionManagementUtility": TYPO3\CMS\Core\Category\CategoryRegistry: no category registered for table "sys_file_metadata". Key was already registered. 
Wed, 05 Feb 2020 09:16:56 +0000 [WARNING] request="6ffb28a10f629" component="TYPO3.CMS.Core.Utility.ExtensionManagementUtility": TYPO3\CMS\Core\Category\CategoryRegistry: no category registered for table "tt_content". Key was already registered. 
Wed, 05 Feb 2020 09:38:04 +0000 [WARNING] request="c48834b424201" component="TYPO3.CMS.Core.Utility.ExtensionManagementUtility": TYPO3\CMS\Core\Category\CategoryRegistry: no category registered for table "pages". Key was already registered. 
Wed, 05 Feb 2020 09:38:04 +0000 [WARNING] request="c48834b424201" component="TYPO3.CMS.Core.Utility.ExtensionManagementUtility": TYPO3\CMS\Core\Category\CategoryRegistry: no category registered for table "sys_file_metadata". Key was already registered. 
Wed, 05 Feb 2020 09:38:04 +0000 [WARNING] request="c48834b424201" component="TYPO3.CMS.Core.Utility.ExtensionManagementUtility": TYPO3\CMS\Core\Category\CategoryRegistry: no category registered for table "tt_content". Key was already registered. 
Wed, 05 Feb 2020 17:54:22 +0000 [WARNING] request="845e7e3555961" component="TYPO3.CMS.Core.Utility.ExtensionManagementUtility": TYPO3\CMS\Core\Category\CategoryRegistry: no category registered for table "pages". Key was already registered. 
Wed, 05 Feb 2020 17:54:22 +0000 [WARNING] request="845e7e3555961" component="TYPO3.CMS.Core.Utility.ExtensionManagementUtility": TYPO3\CMS\Core\Category\CategoryRegistry: no category registered for table "sys_file_metadata". Key was already registered. 
Wed, 05 Feb 2020 17:54:22 +0000 [WARNING] request="845e7e3555961" component="TYPO3.CMS.Core.Utility.ExtensionManagementUtility": TYPO3\CMS\Core\Category\CategoryRegistry: no category registered for table "tt_content". Key was already registered. 
Sat, 08 Feb 2020 10:31:28 +0000 [WARNING] request="9a0b2d3b25b25" component="TYPO3.CMS.Core.Utility.ExtensionManagementUtility": TYPO3\CMS\Core\Category\CategoryRegistry: no category registered for table "pages". Key was already registered. 
Sat, 08 Feb 2020 10:31:28 +0000 [WARNING] request="9a0b2d3b25b25" component="TYPO3.CMS.Core.Utility.ExtensionManagementUtility": TYPO3\CMS\Core\Category\CategoryRegistry: no category registered for table "sys_file_metadata". Key was already registered. 
Sat, 08 Feb 2020 10:31:28 +0000 [WARNING] request="9a0b2d3b25b25" component="TYPO3.CMS.Core.Utility.ExtensionManagementUtility": TYPO3\CMS\Core\Category\CategoryRegistry: no category registered for table "tt_content". Key was already registered. 
Sat, 08 Feb 2020 10:44:41 +0000 [WARNING] request="877cfe0df79a3" component="TYPO3.CMS.Core.Utility.ExtensionManagementUtility": TYPO3\CMS\Core\Category\CategoryRegistry: no category registered for table "pages". Key was already registered. 
Sat, 08 Feb 2020 10:44:41 +0000 [WARNING] request="877cfe0df79a3" component="TYPO3.CMS.Core.Utility.ExtensionManagementUtility": TYPO3\CMS\Core\Category\CategoryRegistry: no category registered for table "sys_file_metadata". Key was already registered. 
Sat, 08 Feb 2020 10:44:41 +0000 [WARNING] request="877cfe0df79a3" component="TYPO3.CMS.Core.Utility.ExtensionManagementUtility": TYPO3\CMS\Core\Category\CategoryRegistry: no category registered for table "tt_content". Key was already registered. 
Mon, 10 Feb 2020 09:17:57 +0000 [WARNING] request="c078271b6a29e" component="TYPO3.CMS.Core.Utility.ExtensionManagementUtility": TYPO3\CMS\Core\Category\CategoryRegistry: no category registered for table "pages". Key was already registered. 
Mon, 10 Feb 2020 09:17:57 +0000 [WARNING] request="c078271b6a29e" component="TYPO3.CMS.Core.Utility.ExtensionManagementUtility": TYPO3\CMS\Core\Category\CategoryRegistry: no category registered for table "sys_file_metadata". Key was already registered. 
Mon, 10 Feb 2020 09:17:57 +0000 [WARNING] request="c078271b6a29e" component="TYPO3.CMS.Core.Utility.ExtensionManagementUtility": TYPO3\CMS\Core\Category\CategoryRegistry: no category registered for table "tt_content". Key was already registered. 
Mon, 10 Feb 2020 10:15:06 +0000 [WARNING] request="4753c4770ed83" component="TYPO3.CMS.Core.Utility.ExtensionManagementUtility": TYPO3\CMS\Core\Category\CategoryRegistry: no category registered for table "pages". Key was already registered. 
Mon, 10 Feb 2020 10:15:06 +0000 [WARNING] request="4753c4770ed83" component="TYPO3.CMS.Core.Utility.ExtensionManagementUtility": TYPO3\CMS\Core\Category\CategoryRegistry: no category registered for table "sys_file_metadata". Key was already registered. 
Mon, 10 Feb 2020 10:15:06 +0000 [WARNING] request="4753c4770ed83" component="TYPO3.CMS.Core.Utility.ExtensionManagementUtility": TYPO3\CMS\Core\Category\CategoryRegistry: no category registered for table "tt_content". Key was already registered. 
Tue, 11 Feb 2020 07:42:47 +0000 [WARNING] request="a2e90f73c26e2" component="TYPO3.CMS.Core.Utility.ExtensionManagementUtility": TYPO3\CMS\Core\Category\CategoryRegistry: no category registered for table "pages". Key was already registered. 
Tue, 11 Feb 2020 07:42:47 +0000 [WARNING] request="a2e90f73c26e2" component="TYPO3.CMS.Core.Utility.ExtensionManagementUtility": TYPO3\CMS\Core\Category\CategoryRegistry: no category registered for table "sys_file_metadata". Key was already registered. 
Tue, 11 Feb 2020 07:42:47 +0000 [WARNING] request="a2e90f73c26e2" component="TYPO3.CMS.Core.Utility.ExtensionManagementUtility": TYPO3\CMS\Core\Category\CategoryRegistry: no category registered for table "tt_content". Key was already registered. 
Tue, 11 Feb 2020 14:01:59 +0000 [WARNING] request="34cd2c3f6c5b4" component="TYPO3.CMS.Core.Utility.ExtensionManagementUtility": TYPO3\CMS\Core\Category\CategoryRegistry: no category registered for table "pages". Key was already registered. 
Tue, 11 Feb 2020 14:01:59 +0000 [WARNING] request="34cd2c3f6c5b4" component="TYPO3.CMS.Core.Utility.ExtensionManagementUtility": TYPO3\CMS\Core\Category\CategoryRegistry: no category registered for table "sys_file_metadata". Key was already registered. 
Tue, 11 Feb 2020 14:01:59 +0000 [WARNING] request="34cd2c3f6c5b4" component="TYPO3.CMS.Core.Utility.ExtensionManagementUtility": TYPO3\CMS\Core\Category\CategoryRegistry: no category registered for table "tt_content". Key was already registered. 
Tue, 11 Feb 2020 14:26:38 +0000 [WARNING] request="b0249c9384da9" component="TYPO3.CMS.Core.Utility.ExtensionManagementUtility": TYPO3\CMS\Core\Category\CategoryRegistry: no category registered for table "pages". Key was already registered. 
Tue, 11 Feb 2020 14:26:38 +0000 [WARNING] request="b0249c9384da9" component="TYPO3.CMS.Core.Utility.ExtensionManagementUtility": TYPO3\CMS\Core\Category\CategoryRegistry: no category registered for table "sys_file_metadata". Key was already registered. 
Tue, 11 Feb 2020 14:26:38 +0000 [WARNING] request="b0249c9384da9" component="TYPO3.CMS.Core.Utility.ExtensionManagementUtility": TYPO3\CMS\Core\Category\CategoryRegistry: no category registered for table "tt_content". Key was already registered. 
Thu, 13 Feb 2020 07:27:28 +0000 [WARNING] request="21e70efa4e344" component="TYPO3.CMS.Core.Utility.ExtensionManagementUtility": TYPO3\CMS\Core\Category\CategoryRegistry: no category registered for table "pages". Key was already registered. 
Thu, 13 Feb 2020 07:27:28 +0000 [WARNING] request="21e70efa4e344" component="TYPO3.CMS.Core.Utility.ExtensionManagementUtility": TYPO3\CMS\Core\Category\CategoryRegistry: no category registered for table "sys_file_metadata". Key was already registered. 
Thu, 13 Feb 2020 07:27:28 +0000 [WARNING] request="21e70efa4e344" component="TYPO3.CMS.Core.Utility.ExtensionManagementUtility": TYPO3\CMS\Core\Category\CategoryRegistry: no category registered for table "tt_content". Key was already registered. 
Thu, 13 Feb 2020 10:12:00 +0000 [WARNING] request="743ad2c256f62" component="TYPO3.CMS.Core.Utility.ExtensionManagementUtility": TYPO3\CMS\Core\Category\CategoryRegistry: no category registered for table "pages". Key was already registered. 
Thu, 13 Feb 2020 10:12:00 +0000 [WARNING] request="743ad2c256f62" component="TYPO3.CMS.Core.Utility.ExtensionManagementUtility": TYPO3\CMS\Core\Category\CategoryRegistry: no category registered for table "sys_file_metadata". Key was already registered. 
Thu, 13 Feb 2020 10:12:00 +0000 [WARNING] request="743ad2c256f62" component="TYPO3.CMS.Core.Utility.ExtensionManagementUtility": TYPO3\CMS\Core\Category\CategoryRegistry: no category registered for table "tt_content". Key was already registered. 
Sat, 15 Feb 2020 16:52:30 +0000 [WARNING] request="a9428890032ed" component="TYPO3.CMS.Core.Utility.ExtensionManagementUtility": TYPO3\CMS\Core\Category\CategoryRegistry: no category registered for table "pages". Key was already registered. 
Sat, 15 Feb 2020 16:52:30 +0000 [WARNING] request="a9428890032ed" component="TYPO3.CMS.Core.Utility.ExtensionManagementUtility": TYPO3\CMS\Core\Category\CategoryRegistry: no category registered for table "sys_file_metadata". Key was already registered. 
Sat, 15 Feb 2020 16:52:30 +0000 [WARNING] request="a9428890032ed" component="TYPO3.CMS.Core.Utility.ExtensionManagementUtility": TYPO3\CMS\Core\Category\CategoryRegistry: no category registered for table "tt_content". Key was already registered. 
Sat, 15 Feb 2020 17:28:06 +0000 [WARNING] request="9e1ffc8bf4068" component="TYPO3.CMS.Core.Utility.ExtensionManagementUtility": TYPO3\CMS\Core\Category\CategoryRegistry: no category registered for table "pages". Key was already registered. 
Sat, 15 Feb 2020 17:28:06 +0000 [WARNING] request="9e1ffc8bf4068" component="TYPO3.CMS.Core.Utility.ExtensionManagementUtility": TYPO3\CMS\Core\Category\CategoryRegistry: no category registered for table "sys_file_metadata". Key was already registered. 
Sat, 15 Feb 2020 17:28:06 +0000 [WARNING] request="9e1ffc8bf4068" component="TYPO3.CMS.Core.Utility.ExtensionManagementUtility": TYPO3\CMS\Core\Category\CategoryRegistry: no category registered for table "tt_content". Key was already registered. 
Sat, 15 Feb 2020 17:29:40 +0000 [WARNING] request="e70629b880dc6" component="TYPO3.CMS.Core.Utility.ExtensionManagementUtility": TYPO3\CMS\Core\Category\CategoryRegistry: no category registered for table "pages". Key was already registered. 
Sat, 15 Feb 2020 17:29:40 +0000 [WARNING] request="e70629b880dc6" component="TYPO3.CMS.Core.Utility.ExtensionManagementUtility": TYPO3\CMS\Core\Category\CategoryRegistry: no category registered for table "sys_file_metadata". Key was already registered. 
Sat, 15 Feb 2020 17:29:40 +0000 [WARNING] request="e70629b880dc6" component="TYPO3.CMS.Core.Utility.ExtensionManagementUtility": TYPO3\CMS\Core\Category\CategoryRegistry: no category registered for table "tt_content". Key was already registered. 
Sat, 15 Feb 2020 17:45:15 +0000 [WARNING] request="afb7ecb292e1e" component="TYPO3.CMS.Core.Utility.ExtensionManagementUtility": TYPO3\CMS\Core\Category\CategoryRegistry: no category registered for table "pages". Key was already registered. 
Sat, 15 Feb 2020 17:45:15 +0000 [WARNING] request="afb7ecb292e1e" component="TYPO3.CMS.Core.Utility.ExtensionManagementUtility": TYPO3\CMS\Core\Category\CategoryRegistry: no category registered for table "sys_file_metadata". Key was already registered. 
Sat, 15 Feb 2020 17:45:15 +0000 [WARNING] request="afb7ecb292e1e" component="TYPO3.CMS.Core.Utility.ExtensionManagementUtility": TYPO3\CMS\Core\Category\CategoryRegistry: no category registered for table "tt_content". Key was already registered. 
Tue, 25 Feb 2020 14:42:11 +0000 [WARNING] request="f7530ea4c5e91" component="TYPO3.CMS.Core.Utility.ExtensionManagementUtility": TYPO3\CMS\Core\Category\CategoryRegistry: no category registered for table "pages". Key was already registered. 
Tue, 25 Feb 2020 14:42:11 +0000 [WARNING] request="f7530ea4c5e91" component="TYPO3.CMS.Core.Utility.ExtensionManagementUtility": TYPO3\CMS\Core\Category\CategoryRegistry: no category registered for table "sys_file_metadata". Key was already registered. 
Tue, 25 Feb 2020 14:42:11 +0000 [WARNING] request="f7530ea4c5e91" component="TYPO3.CMS.Core.Utility.ExtensionManagementUtility": TYPO3\CMS\Core\Category\CategoryRegistry: no category registered for table "tt_content". Key was already registered. 
Fri, 27 Mar 2020 19:05:15 -0500 [WARNING] request="d7cbdaafd7c87" component="TYPO3.CMS.Core.Utility.ExtensionManagementUtility": TYPO3\CMS\Core\Category\CategoryRegistry: no category registered for table "pages". Key was already registered. 
Fri, 27 Mar 2020 19:05:15 -0500 [WARNING] request="d7cbdaafd7c87" component="TYPO3.CMS.Core.Utility.ExtensionManagementUtility": TYPO3\CMS\Core\Category\CategoryRegistry: no category registered for table "sys_file_metadata". Key was already registered. 
Fri, 27 Mar 2020 19:05:15 -0500 [WARNING] request="d7cbdaafd7c87" component="TYPO3.CMS.Core.Utility.ExtensionManagementUtility": TYPO3\CMS\Core\Category\CategoryRegistry: no category registered for table "tt_content". Key was already registered. 
Fri, 27 Mar 2020 19:09:04 -0500 [WARNING] request="6bca39ecadd61" component="TYPO3.CMS.Core.Utility.ExtensionManagementUtility": TYPO3\CMS\Core\Category\CategoryRegistry: no category registered for table "pages". Key was already registered. 
Fri, 27 Mar 2020 19:09:04 -0500 [WARNING] request="6bca39ecadd61" component="TYPO3.CMS.Core.Utility.ExtensionManagementUtility": TYPO3\CMS\Core\Category\CategoryRegistry: no category registered for table "sys_file_metadata". Key was already registered. 
Fri, 27 Mar 2020 19:09:04 -0500 [WARNING] request="6bca39ecadd61" component="TYPO3.CMS.Core.Utility.ExtensionManagementUtility": TYPO3\CMS\Core\Category\CategoryRegistry: no category registered for table "tt_content". Key was already registered. 
Fri, 27 Mar 2020 20:10:25 -0500 [WARNING] request="998a3dac3ce1d" component="TYPO3.CMS.Core.Utility.ExtensionManagementUtility": TYPO3\CMS\Core\Category\CategoryRegistry: no category registered for table "pages". Key was already registered. 
Fri, 27 Mar 2020 20:10:25 -0500 [WARNING] request="998a3dac3ce1d" component="TYPO3.CMS.Core.Utility.ExtensionManagementUtility": TYPO3\CMS\Core\Category\CategoryRegistry: no category registered for table "sys_file_metadata". Key was already registered. 
Fri, 27 Mar 2020 20:10:25 -0500 [WARNING] request="998a3dac3ce1d" component="TYPO3.CMS.Core.Utility.ExtensionManagementUtility": TYPO3\CMS\Core\Category\CategoryRegistry: no category registered for table "tt_content". Key was already registered. 
Fri, 27 Mar 2020 20:12:15 -0500 [WARNING] request="6a5e2d89eca62" component="TYPO3.CMS.Core.Utility.ExtensionManagementUtility": TYPO3\CMS\Core\Category\CategoryRegistry: no category registered for table "pages". Key was already registered. 
Fri, 27 Mar 2020 20:12:15 -0500 [WARNING] request="6a5e2d89eca62" component="TYPO3.CMS.Core.Utility.ExtensionManagementUtility": TYPO3\CMS\Core\Category\CategoryRegistry: no category registered for table "sys_file_metadata". Key was already registered. 
Fri, 27 Mar 2020 20:12:15 -0500 [WARNING] request="6a5e2d89eca62" component="TYPO3.CMS.Core.Utility.ExtensionManagementUtility": TYPO3\CMS\Core\Category\CategoryRegistry: no category registered for table "tt_content". Key was already registered. 
Fri, 27 Mar 2020 20:12:45 -0500 [WARNING] request="1abeaae787629" component="TYPO3.CMS.Core.Utility.ExtensionManagementUtility": TYPO3\CMS\Core\Category\CategoryRegistry: no category registered for table "pages". Key was already registered. 
Fri, 27 Mar 2020 20:12:45 -0500 [WARNING] request="1abeaae787629" component="TYPO3.CMS.Core.Utility.ExtensionManagementUtility": TYPO3\CMS\Core\Category\CategoryRegistry: no category registered for table "sys_file_metadata". Key was already registered. 
Fri, 27 Mar 2020 20:12:45 -0500 [WARNING] request="1abeaae787629" component="TYPO3.CMS.Core.Utility.ExtensionManagementUtility": TYPO3\CMS\Core\Category\CategoryRegistry: no category registered for table "tt_content". Key was already registered. 
Fri, 27 Mar 2020 20:15:19 -0500 [WARNING] request="1cd0c0cc96577" component="TYPO3.CMS.Core.Utility.ExtensionManagementUtility": TYPO3\CMS\Core\Category\CategoryRegistry: no category registered for table "pages". Key was already registered. 
Fri, 27 Mar 2020 20:15:19 -0500 [WARNING] request="1cd0c0cc96577" component="TYPO3.CMS.Core.Utility.ExtensionManagementUtility": TYPO3\CMS\Core\Category\CategoryRegistry: no category registered for table "sys_file_metadata". Key was already registered. 
Fri, 27 Mar 2020 20:15:19 -0500 [WARNING] request="1cd0c0cc96577" component="TYPO3.CMS.Core.Utility.ExtensionManagementUtility": TYPO3\CMS\Core\Category\CategoryRegistry: no category registered for table "tt_content". Key was already registered. 
